<?xml version="1.0" encoding="UTF-8"?>
<coverage generated="1713274249192" clover="3.2.0">
  <project timestamp="1713274249193" name="All files">
    <metrics statements="11" coveredstatements="11" conditionals="0" coveredconditionals="0" methods="5" coveredmethods="5" elements="16" coveredelements="16" complexity="0" loc="11" ncloc="11" packages="1" files="4" classes="4"/>
    <file name="cloneArray.js" path="C:\Users\merri\Desktop\principia\software engineering\testit\TestIt\js\cloneArray.js">
      <metrics statements="2" coveredstatements="2" conditionals="0" coveredconditionals="0" methods="1" coveredmethods="1"/>
      <line num="3" count="2" type="stmt"/>
      <line num="6" count="1" type="stmt"/>
    </file>
    <file name="subtract.js" path="C:\Users\merri\Desktop\principia\software engineering\testit\TestIt\js\subtract.js">
      <metrics statements="2" coveredstatements="2" conditionals="0" coveredconditionals="0" methods="1" coveredmethods="1"/>
      <line num="3" count="1" type="stmt"/>
      <line num="6" count="1" type="stmt"/>
    </file>
    <file name="sum.js" path="C:\Users\merri\Desktop\principia\software engineering\testit\TestIt\js\sum.js">
      <metrics statements="2" coveredstatements="2" conditionals="0" coveredconditionals="0" methods="1" coveredmethods="1"/>
      <line num="3" count="1" type="stmt"/>
      <line num="6" count="1" type="stmt"/>
    </file>
    <file name="thresh_sort.js" path="C:\Users\merri\Desktop\principia\software engineering\testit\TestIt\js\thresh_sort.js">
      <metrics statements="5" coveredstatements="5" conditionals="0" coveredconditionals="0" methods="2" coveredmethods="2"/>
      <line num="3" count="19" type="stmt"/>
      <line num="6" count="5" type="stmt"/>
      <line num="7" count="14" type="stmt"/>
      <line num="10" count="5" type="stmt"/>
      <line num="13" count="1" type="stmt"/>
    </file>
  </project>
</coverage>
