{"C:\\Users\\merri\\Desktop\\principia\\software engineering\\testit\\TestIt\\js\\cloneArray.js": {"path":"C:\\Users\\merri\\Desktop\\principia\\software engineering\\testit\\TestIt\\js\\cloneArray.js","statementMap":{"0":{"start":{"line":3,"column":4},"end":{"line":3,"column":22}},"1":{"start":{"line":6,"column":0},"end":{"line":6,"column":28}}},"fnMap":{"0":{"name":"cloneArray","decl":{"start":{"line":2,"column":9},"end":{"line":2,"column":19}},"loc":{"start":{"line":2,"column":27},"end":{"line":4,"column":1}},"line":2}},"branchMap":{},"s":{"0":2,"1":1},"f":{"0":2},"b":{},"_coverageSchema":"1a1c01bbd47fc00a2c39e90264f33305004495a9","hash":"57710e8d9f2e3dbca014de578363f22b3b53b5fd"}
,"C:\\Users\\merri\\Desktop\\principia\\software engineering\\testit\\TestIt\\js\\subtract.js": {"path":"C:\\Users\\merri\\Desktop\\principia\\software engineering\\testit\\TestIt\\js\\subtract.js","statementMap":{"0":{"start":{"line":3,"column":2},"end":{"line":3,"column":15}},"1":{"start":{"line":6,"column":0},"end":{"line":6,"column":26}}},"fnMap":{"0":{"name":"subtract","decl":{"start":{"line":2,"column":9},"end":{"line":2,"column":17}},"loc":{"start":{"line":2,"column":24},"end":{"line":4,"column":1}},"line":2}},"branchMap":{},"s":{"0":1,"1":1},"f":{"0":1},"b":{},"_coverageSchema":"1a1c01bbd47fc00a2c39e90264f33305004495a9","hash":"f4b680d63cecff9e78cc72d0f36eadafe82129d5"}
,"C:\\Users\\merri\\Desktop\\principia\\software engineering\\testit\\TestIt\\js\\sum.js": {"path":"C:\\Users\\merri\\Desktop\\principia\\software engineering\\testit\\TestIt\\js\\sum.js","statementMap":{"0":{"start":{"line":3,"column":2},"end":{"line":3,"column":15}},"1":{"start":{"line":6,"column":0},"end":{"line":6,"column":21}}},"fnMap":{"0":{"name":"sum","decl":{"start":{"line":2,"column":9},"end":{"line":2,"column":12}},"loc":{"start":{"line":2,"column":19},"end":{"line":4,"column":1}},"line":2}},"branchMap":{},"s":{"0":1,"1":1},"f":{"0":1},"b":{},"_coverageSchema":"1a1c01bbd47fc00a2c39e90264f33305004495a9","hash":"5c643d35dd88e0cc5ac45ea256e48970b3783dde"}
,"C:\\Users\\merri\\Desktop\\principia\\software engineering\\testit\\TestIt\\js\\thresh_sort.js": {"path":"C:\\Users\\merri\\Desktop\\principia\\software engineering\\testit\\TestIt\\js\\thresh_sort.js","statementMap":{"0":{"start":{"line":3,"column":4},"end":{"line":3,"column":32}},"1":{"start":{"line":3,"column":25},"end":{"line":3,"column":30}},"2":{"start":{"line":6,"column":4},"end":{"line":8,"column":5}},"3":{"start":{"line":6,"column":17},"end":{"line":6,"column":18}},"4":{"start":{"line":7,"column":8},"end":{"line":7,"column":49}},"5":{"start":{"line":10,"column":4},"end":{"line":10,"column":17}},"6":{"start":{"line":13,"column":0},"end":{"line":13,"column":29}}},"fnMap":{"0":{"name":"thresh_sort","decl":{"start":{"line":1,"column":9},"end":{"line":1,"column":20}},"loc":{"start":{"line":1,"column":39},"end":{"line":11,"column":1}},"line":1},"1":{"name":"(anonymous_1)","decl":{"start":{"line":3,"column":15},"end":{"line":3,"column":16}},"loc":{"start":{"line":3,"column":25},"end":{"line":3,"column":30}},"line":3}},"branchMap":{},"s":{"0":5,"1":19,"2":5,"3":5,"4":14,"5":5,"6":1},"f":{"0":5,"1":19},"b":{},"_coverageSchema":"1a1c01bbd47fc00a2c39e90264f33305004495a9","hash":"b0b9e372f84b60fa66b5066a22d71b75ba0c9b8e"}
}
