TN:
SF:js\cloneArray.js
FN:2,cloneArray
FNF:1
FNH:1
FNDA:2,cloneArray
DA:3,2
DA:6,1
LF:2
LH:2
BRF:0
BRH:0
end_of_record
TN:
SF:js\subtract.js
FN:2,subtract
FNF:1
FNH:1
FNDA:1,subtract
DA:3,1
DA:6,1
LF:2
LH:2
BRF:0
BRH:0
end_of_record
TN:
SF:js\sum.js
FN:2,sum
FNF:1
FNH:1
FNDA:1,sum
DA:3,1
DA:6,1
LF:2
LH:2
BRF:0
BRH:0
end_of_record
TN:
SF:js\thresh_sort.js
FN:1,thresh_sort
FN:3,(anonymous_1)
FNF:2
FNH:2
FNDA:5,thresh_sort
FNDA:19,(anonymous_1)
DA:3,19
DA:6,5
DA:7,14
DA:10,5
DA:13,1
LF:5
LH:5
BRF:0
BRH:0
end_of_record
